Watching for file changes with StatReloader
Watching for file changes with StatReloader
"OPTIONS /signup/ HTTP/1.1" 200 0
"OPTIONS /signup/ HTTP/1.1" 200 0
"OPTIONS /signup/ HTTP/1.1" 200 0
"OPTIONS /signup/ HTTP/1.1" 200 0
"OPTIONS /signup/ HTTP/1.1" 200 0
"OPTIONS /signup/ HTTP/1.1" 200 0
C:\Users\Namai\Desktop\baldai-django\web_project\urls.py changed, reloading.
C:\Users\Namai\Desktop\baldai-django\web_project\urls.py changed, reloading.
Watching for file changes with StatReloader
Watching for file changes with StatReloader
"OPTIONS /signup/ HTTP/1.1" 200 0
"OPTIONS /signup/ HTTP/1.1" 200 0
C:\Users\Namai\Desktop\baldai-django\furniture_app\views.py changed, reloading.
C:\Users\Namai\Desktop\baldai-django\furniture_app\views.py changed, reloading.
Watching for file changes with StatReloader
Watching for file changes with StatReloader
"OPTIONS /signup/ HTTP/1.1" 200 0
"OPTIONS /signup/ HTTP/1.1" 200 0
"OPTIONS /signup/ HTTP/1.1" 200 0
"OPTIONS /signup/ HTTP/1.1" 200 0
"OPTIONS /signup/ HTTP/1.1" 200 0
"OPTIONS /signup/ HTTP/1.1" 200 0
"OPTIONS /signup/ HTTP/1.1" 200 0
"OPTIONS /signup/ HTTP/1.1" 200 0
"POST /signup/ HTTP/1.1" 200 202
"POST /signup/ HTTP/1.1" 200 202
"POST /signup/ HTTP/1.1" 200 206
"POST /signup/ HTTP/1.1" 200 206
"OPTIONS /login/ HTTP/1.1" 200 0
"OPTIONS /login/ HTTP/1.1" 200 0
Unauthorized: /login/
Unauthorized: /login/
"POST /login/ HTTP/1.1" 401 66
"POST /login/ HTTP/1.1" 401 66
Unauthorized: /login/
Unauthorized: /login/
"POST /login/ HTTP/1.1" 401 66
"POST /login/ HTTP/1.1" 401 66
"POST /login/ HTTP/1.1" 200 205
"POST /login/ HTTP/1.1" 200 205
Not Found: /latests/
Not Found: /latests/
"GET /latests/ HTTP/1.1" 404 2358
"GET /latests/ HTTP/1.1" 404 2358
Not Found: /latests/
Not Found: /latests/
"GET /latests/ HTTP/1.1" 404 2358
"GET /latests/ HTTP/1.1" 404 2358
C:\Users\Namai\Desktop\baldai-django\furniture_app\models.py changed, reloading.
C:\Users\Namai\Desktop\baldai-django\furniture_app\models.py changed, reloading.
Watching for file changes with StatReloader
Watching for file changes with StatReloader
C:\Users\Namai\Desktop\baldai-django\furniture_app\models.py changed, reloading.
C:\Users\Namai\Desktop\baldai-django\furniture_app\models.py changed, reloading.
Watching for file changes with StatReloader
Watching for file changes with StatReloader
Watching for file changes with StatReloader
Watching for file changes with StatReloader
C:\Users\Namai\Desktop\baldai-django\web_project\urls.py changed, reloading.
C:\Users\Namai\Desktop\baldai-django\web_project\urls.py changed, reloading.
Watching for file changes with StatReloader
Watching for file changes with StatReloader
C:\Users\Namai\Desktop\baldai-django\furniture_app\views.py changed, reloading.
C:\Users\Namai\Desktop\baldai-django\furniture_app\views.py changed, reloading.
Watching for file changes with StatReloader
Watching for file changes with StatReloader
C:\Users\Namai\Desktop\baldai-django\furniture_app\views.py changed, reloading.
C:\Users\Namai\Desktop\baldai-django\furniture_app\views.py changed, reloading.
Watching for file changes with StatReloader
Watching for file changes with StatReloader
C:\Users\Namai\Desktop\baldai-django\furniture_app\views.py changed, reloading.
C:\Users\Namai\Desktop\baldai-django\furniture_app\views.py changed, reloading.
Watching for file changes with StatReloader
Watching for file changes with StatReloader
C:\Users\Namai\Desktop\baldai-django\furniture_app\views.py changed, reloading.
C:\Users\Namai\Desktop\baldai-django\furniture_app\views.py changed, reloading.
Watching for file changes with StatReloader
Watching for file changes with StatReloader
C:\Users\Namai\Desktop\baldai-django\furniture_app\views.py changed, reloading.
C:\Users\Namai\Desktop\baldai-django\furniture_app\views.py changed, reloading.
Watching for file changes with StatReloader
Watching for file changes with StatReloader
C:\Users\Namai\Desktop\baldai-django\web_project\urls.py changed, reloading.
C:\Users\Namai\Desktop\baldai-django\web_project\urls.py changed, reloading.
Watching for file changes with StatReloader
Watching for file changes with StatReloader
C:\Users\Namai\Desktop\baldai-django\furniture_app\views.py changed, reloading.
C:\Users\Namai\Desktop\baldai-django\furniture_app\views.py changed, reloading.
Watching for file changes with StatReloader
Watching for file changes with StatReloader
C:\Users\Namai\Desktop\baldai-django\furniture_app\views.py changed, reloading.
C:\Users\Namai\Desktop\baldai-django\furniture_app\views.py changed, reloading.
Watching for file changes with StatReloader
Watching for file changes with StatReloader
"OPTIONS /types/ HTTP/1.1" 200 0
"OPTIONS /types/ HTTP/1.1" 200 0
"OPTIONS /furniture/ HTTP/1.1" 200 0
"OPTIONS /furniture/ HTTP/1.1" 200 0
"GET /types/ HTTP/1.1" 200 240
"GET /types/ HTTP/1.1" 200 240
"GET /furniture/ HTTP/1.1" 200 403
"GET /furniture/ HTTP/1.1" 200 403
"GET /types/ HTTP/1.1" 200 240
"GET /types/ HTTP/1.1" 200 240
"GET /furniture/ HTTP/1.1" 200 403
"GET /furniture/ HTTP/1.1" 200 403
"GET /types/ HTTP/1.1" 200 240
"GET /types/ HTTP/1.1" 200 240
"GET /furniture/ HTTP/1.1" 200 403
"GET /furniture/ HTTP/1.1" 200 403
"GET /types/ HTTP/1.1" 200 240
"GET /types/ HTTP/1.1" 200 240
"GET /furniture/ HTTP/1.1" 200 403
"GET /furniture/ HTTP/1.1" 200 403
"GET /types/ HTTP/1.1" 200 240
"GET /types/ HTTP/1.1" 200 240
"GET /furniture/ HTTP/1.1" 200 403
"GET /furniture/ HTTP/1.1" 200 403
C:\Users\Namai\Desktop\baldai-django\furniture_app\views.py changed, reloading.
C:\Users\Namai\Desktop\baldai-django\furniture_app\views.py changed, reloading.
Watching for file changes with StatReloader
Watching for file changes with StatReloader
"GET /types/ HTTP/1.1" 200 240
"GET /types/ HTTP/1.1" 200 240
"GET /furniture/ HTTP/1.1" 200 403
"GET /furniture/ HTTP/1.1" 200 403
"GET /types/ HTTP/1.1" 200 240
"GET /types/ HTTP/1.1" 200 240
"GET /furniture/ HTTP/1.1" 200 403
"GET /furniture/ HTTP/1.1" 200 403
"GET /furniture/ HTTP/1.1" 200 403
"GET /furniture/ HTTP/1.1" 200 403
"GET /types/ HTTP/1.1" 200 240
"GET /types/ HTTP/1.1" 200 240
"OPTIONS /defect/ HTTP/1.1" 200 0
"OPTIONS /defect/ HTTP/1.1" 200 0
Not Found: /defect/
Not Found: /defect/
"POST /defect/ HTTP/1.1" 404 2612
"POST /defect/ HTTP/1.1" 404 2612
C:\Users\Namai\Desktop\baldai-django\web_project\urls.py changed, reloading.
C:\Users\Namai\Desktop\baldai-django\web_project\urls.py changed, reloading.
Watching for file changes with StatReloader
Watching for file changes with StatReloader
C:\Users\Namai\Desktop\baldai-django\furniture_app\views.py changed, reloading.
C:\Users\Namai\Desktop\baldai-django\furniture_app\views.py changed, reloading.
Watching for file changes with StatReloader
Watching for file changes with StatReloader
C:\Users\Namai\Desktop\baldai-django\furniture_app\views.py changed, reloading.
C:\Users\Namai\Desktop\baldai-django\furniture_app\views.py changed, reloading.
Watching for file changes with StatReloader
Watching for file changes with StatReloader
C:\Users\Namai\Desktop\baldai-django\furniture_app\views.py changed, reloading.
C:\Users\Namai\Desktop\baldai-django\furniture_app\views.py changed, reloading.
Watching for file changes with StatReloader
Watching for file changes with StatReloader
C:\Users\Namai\Desktop\baldai-django\furniture_app\views.py changed, reloading.
C:\Users\Namai\Desktop\baldai-django\furniture_app\views.py changed, reloading.
Watching for file changes with StatReloader
Watching for file changes with StatReloader
C:\Users\Namai\Desktop\baldai-django\furniture_app\views.py changed, reloading.
C:\Users\Namai\Desktop\baldai-django\furniture_app\views.py changed, reloading.
Watching for file changes with StatReloader
Watching for file changes with StatReloader
C:\Users\Namai\Desktop\baldai-django\furniture_app\views.py changed, reloading.
C:\Users\Namai\Desktop\baldai-django\furniture_app\views.py changed, reloading.
Watching for file changes with StatReloader
Watching for file changes with StatReloader
C:\Users\Namai\Desktop\baldai-django\furniture_app\views.py changed, reloading.
C:\Users\Namai\Desktop\baldai-django\furniture_app\views.py changed, reloading.
Watching for file changes with StatReloader
Watching for file changes with StatReloader
C:\Users\Namai\Desktop\baldai-django\furniture_app\views.py changed, reloading.
C:\Users\Namai\Desktop\baldai-django\furniture_app\views.py changed, reloading.
Watching for file changes with StatReloader
Watching for file changes with StatReloader
C:\Users\Namai\Desktop\baldai-django\furniture_app\views.py changed, reloading.
C:\Users\Namai\Desktop\baldai-django\furniture_app\views.py changed, reloading.
Watching for file changes with StatReloader
Watching for file changes with StatReloader
Forbidden (Origin checking failed - http://localhost:3000 does not match any trusted origins.): /defect/
Forbidden (Origin checking failed - http://localhost:3000 does not match any trusted origins.): /defect/
"POST /defect/ HTTP/1.1" 403 2569
"POST /defect/ HTTP/1.1" 403 2569
C:\Users\Namai\Desktop\baldai-django\furniture_app\views.py changed, reloading.
C:\Users\Namai\Desktop\baldai-django\furniture_app\views.py changed, reloading.
Watching for file changes with StatReloader
Watching for file changes with StatReloader
Forbidden (Origin checking failed - http://localhost:3000 does not match any trusted origins.): /defect/
Forbidden (Origin checking failed - http://localhost:3000 does not match any trusted origins.): /defect/
"POST /defect/ HTTP/1.1" 403 2569
"POST /defect/ HTTP/1.1" 403 2569
C:\Users\Namai\Desktop\baldai-django\furniture_app\views.py changed, reloading.
C:\Users\Namai\Desktop\baldai-django\furniture_app\views.py changed, reloading.
Watching for file changes with StatReloader
Watching for file changes with StatReloader
Forbidden (Origin checking failed - http://localhost:3000 does not match any trusted origins.): /defect/
Forbidden (Origin checking failed - http://localhost:3000 does not match any trusted origins.): /defect/
"POST /defect/ HTTP/1.1" 403 2569
"POST /defect/ HTTP/1.1" 403 2569
C:\Users\Namai\Desktop\baldai-django\furniture_app\views.py changed, reloading.
C:\Users\Namai\Desktop\baldai-django\furniture_app\views.py changed, reloading.
Watching for file changes with StatReloader
Watching for file changes with StatReloader
Internal Server Error: /defect/
Traceback (most recent call last):
  File "C:\Users\Namai\Desktop\baldai-django\.venv\lib\site-packages\django\core\handlers\exception.py", line 55, in inner
    response = get_response(request)
  File "C:\Users\Namai\Desktop\baldai-django\.venv\lib\site-packages\django\core\handlers\base.py", line 197, in _get_response
    response = wrapped_callback(request, *callback_args, **callback_kwargs)
  File "C:\Users\Namai\Desktop\baldai-django\.venv\lib\site-packages\django\views\decorators\csrf.py", line 56, in wrapper_view
    return view_func(*args, **kwargs)
  File "C:\Users\Namai\Desktop\baldai-django\furniture_app\views.py", line 166, in post_defect
    if not furniture or not description or not level or not type:
UnboundLocalError: local variable 'furniture' referenced before assignment
Internal Server Error: /defect/
Traceback (most recent call last):
  File "C:\Users\Namai\Desktop\baldai-django\.venv\lib\site-packages\django\core\handlers\exception.py", line 55, in inner
    response = get_response(request)
  File "C:\Users\Namai\Desktop\baldai-django\.venv\lib\site-packages\django\core\handlers\base.py", line 197, in _get_response
    response = wrapped_callback(request, *callback_args, **callback_kwargs)
  File "C:\Users\Namai\Desktop\baldai-django\.venv\lib\site-packages\django\views\decorators\csrf.py", line 56, in wrapper_view
    return view_func(*args, **kwargs)
  File "C:\Users\Namai\Desktop\baldai-django\furniture_app\views.py", line 166, in post_defect
    if not furniture or not description or not level or not type:
UnboundLocalError: local variable 'furniture' referenced before assignment
"POST /defect/ HTTP/1.1" 500 74363
"POST /defect/ HTTP/1.1" 500 74363
C:\Users\Namai\Desktop\baldai-django\furniture_app\views.py changed, reloading.
C:\Users\Namai\Desktop\baldai-django\furniture_app\views.py changed, reloading.
Watching for file changes with StatReloader
Watching for file changes with StatReloader
Internal Server Error: /defect/
Traceback (most recent call last):
  File "C:\Users\Namai\Desktop\baldai-django\.venv\lib\site-packages\django\core\handlers\exception.py", line 55, in inner
    response = get_response(request)
  File "C:\Users\Namai\Desktop\baldai-django\.venv\lib\site-packages\django\core\handlers\base.py", line 197, in _get_response
    response = wrapped_callback(request, *callback_args, **callback_kwargs)
  File "C:\Users\Namai\Desktop\baldai-django\.venv\lib\site-packages\django\views\decorators\csrf.py", line 56, in wrapper_view
    return view_func(*args, **kwargs)
  File "C:\Users\Namai\Desktop\baldai-django\furniture_app\views.py", line 172, in post_defect
    defect = Defect(date=date, description=description, level=level, type=type, user=user, furniture=furniture)
  File "C:\Users\Namai\Desktop\baldai-django\.venv\lib\site-packages\django\db\models\base.py", line 567, in __init__
    raise TypeError(
TypeError: Defect() got unexpected keyword arguments: 'furniture'
Internal Server Error: /defect/
Traceback (most recent call last):
  File "C:\Users\Namai\Desktop\baldai-django\.venv\lib\site-packages\django\core\handlers\exception.py", line 55, in inner
    response = get_response(request)
  File "C:\Users\Namai\Desktop\baldai-django\.venv\lib\site-packages\django\core\handlers\base.py", line 197, in _get_response
    response = wrapped_callback(request, *callback_args, **callback_kwargs)
  File "C:\Users\Namai\Desktop\baldai-django\.venv\lib\site-packages\django\views\decorators\csrf.py", line 56, in wrapper_view
    return view_func(*args, **kwargs)
  File "C:\Users\Namai\Desktop\baldai-django\furniture_app\views.py", line 172, in post_defect
    defect = Defect(date=date, description=description, level=level, type=type, user=user, furniture=furniture)
  File "C:\Users\Namai\Desktop\baldai-django\.venv\lib\site-packages\django\db\models\base.py", line 567, in __init__
    raise TypeError(
TypeError: Defect() got unexpected keyword arguments: 'furniture'
"POST /defect/ HTTP/1.1" 500 81667
"POST /defect/ HTTP/1.1" 500 81667
C:\Users\Namai\Desktop\baldai-django\furniture_app\models.py changed, reloading.
C:\Users\Namai\Desktop\baldai-django\furniture_app\models.py changed, reloading.
Watching for file changes with StatReloader
Watching for file changes with StatReloader
Watching for file changes with StatReloader
Watching for file changes with StatReloader
"POST /defect/ HTTP/1.1" 201 26
"POST /defect/ HTTP/1.1" 201 26
C:\Users\Namai\Desktop\baldai-django\furniture_app\models.py changed, reloading.
C:\Users\Namai\Desktop\baldai-django\furniture_app\models.py changed, reloading.
Watching for file changes with StatReloader
Watching for file changes with StatReloader
C:\Users\Namai\Desktop\baldai-django\web_project\urls.py changed, reloading.
C:\Users\Namai\Desktop\baldai-django\web_project\urls.py changed, reloading.
Watching for file changes with StatReloader
Watching for file changes with StatReloader
C:\Users\Namai\Desktop\baldai-django\furniture_app\views.py changed, reloading.
C:\Users\Namai\Desktop\baldai-django\furniture_app\views.py changed, reloading.
Watching for file changes with StatReloader
Watching for file changes with StatReloader
C:\Users\Namai\Desktop\baldai-django\furniture_app\views.py changed, reloading.
C:\Users\Namai\Desktop\baldai-django\furniture_app\views.py changed, reloading.
Watching for file changes with StatReloader
Watching for file changes with StatReloader
C:\Users\Namai\Desktop\baldai-django\furniture_app\views.py changed, reloading.
C:\Users\Namai\Desktop\baldai-django\furniture_app\views.py changed, reloading.
Watching for file changes with StatReloader
Watching for file changes with StatReloader
Not Found: /latests/
Not Found: /latests/
"GET /latests/ HTTP/1.1" 404 2869
"GET /latests/ HTTP/1.1" 404 2869
"OPTIONS /categories/ HTTP/1.1" 200 0
"OPTIONS /categories/ HTTP/1.1" 200 0
Not Found: /categories/
Not Found: /categories/
"GET /categories/ HTTP/1.1" 404 2878
"GET /categories/ HTTP/1.1" 404 2878
"OPTIONS /defects/ HTTP/1.1" 200 0
"OPTIONS /defects/ HTTP/1.1" 200 0
"GET /defects/ HTTP/1.1" 200 120
"GET /defects/ HTTP/1.1" 200 120
"GET /defects/ HTTP/1.1" 200 120
"GET /defects/ HTTP/1.1" 200 120
"GET /defects/ HTTP/1.1" 200 120
"GET /defects/ HTTP/1.1" 200 120
"GET /defects/ HTTP/1.1" 200 120
"GET /defects/ HTTP/1.1" 200 120
"GET /defects/ HTTP/1.1" 200 120
"GET /defects/ HTTP/1.1" 200 120
"GET /defects/ HTTP/1.1" 200 120
"GET /defects/ HTTP/1.1" 200 120
"GET /defects/ HTTP/1.1" 200 120
"GET /defects/ HTTP/1.1" 200 120
"GET /defects/ HTTP/1.1" 200 120
"GET /defects/ HTTP/1.1" 200 120
"GET /defects/ HTTP/1.1" 200 120
"GET /defects/ HTTP/1.1" 200 120
C:\Users\Namai\Desktop\baldai-django\furniture_app\models.py changed, reloading.
C:\Users\Namai\Desktop\baldai-django\furniture_app\models.py changed, reloading.
Watching for file changes with StatReloader
Watching for file changes with StatReloader
C:\Users\Namai\Desktop\baldai-django\furniture_app\models.py changed, reloading.
C:\Users\Namai\Desktop\baldai-django\furniture_app\models.py changed, reloading.
Watching for file changes with StatReloader
Watching for file changes with StatReloader
C:\Users\Namai\Desktop\baldai-django\furniture_app\models.py changed, reloading.
C:\Users\Namai\Desktop\baldai-django\furniture_app\models.py changed, reloading.
Watching for file changes with StatReloader
Watching for file changes with StatReloader
C:\Users\Namai\Desktop\baldai-django\furniture_app\models.py changed, reloading.
C:\Users\Namai\Desktop\baldai-django\furniture_app\models.py changed, reloading.
Watching for file changes with StatReloader
Watching for file changes with StatReloader
C:\Users\Namai\Desktop\baldai-django\furniture_app\models.py changed, reloading.
C:\Users\Namai\Desktop\baldai-django\furniture_app\models.py changed, reloading.
Watching for file changes with StatReloader
Watching for file changes with StatReloader
C:\Users\Namai\Desktop\baldai-django\furniture_app\models.py changed, reloading.
C:\Users\Namai\Desktop\baldai-django\furniture_app\models.py changed, reloading.
Watching for file changes with StatReloader
Watching for file changes with StatReloader
C:\Users\Namai\Desktop\baldai-django\furniture_app\models.py changed, reloading.
C:\Users\Namai\Desktop\baldai-django\furniture_app\models.py changed, reloading.
Watching for file changes with StatReloader
Watching for file changes with StatReloader
C:\Users\Namai\Desktop\baldai-django\furniture_app\views.py changed, reloading.
C:\Users\Namai\Desktop\baldai-django\furniture_app\views.py changed, reloading.
Watching for file changes with StatReloader
Watching for file changes with StatReloader
C:\Users\Namai\Desktop\baldai-django\furniture_app\views.py changed, reloading.
C:\Users\Namai\Desktop\baldai-django\furniture_app\views.py changed, reloading.
Watching for file changes with StatReloader
Watching for file changes with StatReloader
C:\Users\Namai\Desktop\baldai-django\furniture_app\views.py changed, reloading.
C:\Users\Namai\Desktop\baldai-django\furniture_app\views.py changed, reloading.
Watching for file changes with StatReloader
Watching for file changes with StatReloader
C:\Users\Namai\Desktop\baldai-django\furniture_app\views.py changed, reloading.
C:\Users\Namai\Desktop\baldai-django\furniture_app\views.py changed, reloading.
Watching for file changes with StatReloader
Watching for file changes with StatReloader
Watching for file changes with StatReloader
Watching for file changes with StatReloader
Watching for file changes with StatReloader
Watching for file changes with StatReloader
C:\Users\Namai\Desktop\baldai-django\furniture_app\models.py changed, reloading.
C:\Users\Namai\Desktop\baldai-django\furniture_app\models.py changed, reloading.
Watching for file changes with StatReloader
Watching for file changes with StatReloader
C:\Users\Namai\Desktop\baldai-django\furniture_app\models.py changed, reloading.
C:\Users\Namai\Desktop\baldai-django\furniture_app\models.py changed, reloading.
Watching for file changes with StatReloader
Watching for file changes with StatReloader
Watching for file changes with StatReloader
Watching for file changes with StatReloader
C:\Users\Namai\Desktop\baldai-django\furniture_app\views.py changed, reloading.
C:\Users\Namai\Desktop\baldai-django\furniture_app\views.py changed, reloading.
Watching for file changes with StatReloader
Watching for file changes with StatReloader
C:\Users\Namai\Desktop\baldai-django\furniture_app\views.py changed, reloading.
C:\Users\Namai\Desktop\baldai-django\furniture_app\views.py changed, reloading.
Watching for file changes with StatReloader
Watching for file changes with StatReloader
C:\Users\Namai\Desktop\baldai-django\furniture_app\views.py changed, reloading.
C:\Users\Namai\Desktop\baldai-django\furniture_app\views.py changed, reloading.
Watching for file changes with StatReloader
Watching for file changes with StatReloader
C:\Users\Namai\Desktop\baldai-django\furniture_app\views.py changed, reloading.
C:\Users\Namai\Desktop\baldai-django\furniture_app\views.py changed, reloading.
Watching for file changes with StatReloader
Watching for file changes with StatReloader
C:\Users\Namai\Desktop\baldai-django\furniture_app\views.py changed, reloading.
C:\Users\Namai\Desktop\baldai-django\furniture_app\views.py changed, reloading.
Watching for file changes with StatReloader
Watching for file changes with StatReloader
"GET /types/ HTTP/1.1" 200 240
"GET /types/ HTTP/1.1" 200 240
"GET /furniture/ HTTP/1.1" 200 403
"GET /furniture/ HTTP/1.1" 200 403
Internal Server Error: /defect/
Traceback (most recent call last):
  File "C:\Users\Namai\Desktop\baldai-django\.venv\lib\site-packages\django\core\handlers\exception.py", line 55, in inner
    response = get_response(request)
  File "C:\Users\Namai\Desktop\baldai-django\.venv\lib\site-packages\django\core\handlers\base.py", line 197, in _get_response
    response = wrapped_callback(request, *callback_args, **callback_kwargs)
  File "C:\Users\Namai\Desktop\baldai-django\.venv\lib\site-packages\django\views\decorators\csrf.py", line 56, in wrapper_view
    return view_func(*args, **kwargs)
  File "C:\Users\Namai\Desktop\baldai-django\furniture_app\views.py", line 165, in post_defect
    state = State.objects.get(title="Nepradëta")
  File "C:\Users\Namai\Desktop\baldai-django\.venv\lib\site-packages\django\db\models\manager.py", line 87, in manager_method
    return getattr(self.get_queryset(), name)(*args, **kwargs)
  File "C:\Users\Namai\Desktop\baldai-django\.venv\lib\site-packages\django\db\models\query.py", line 637, in get
    raise self.model.DoesNotExist(
furniture_app.models.State.DoesNotExist: State matching query does not exist.
Internal Server Error: /defect/
Traceback (most recent call last):
  File "C:\Users\Namai\Desktop\baldai-django\.venv\lib\site-packages\django\core\handlers\exception.py", line 55, in inner
    response = get_response(request)
  File "C:\Users\Namai\Desktop\baldai-django\.venv\lib\site-packages\django\core\handlers\base.py", line 197, in _get_response
    response = wrapped_callback(request, *callback_args, **callback_kwargs)
  File "C:\Users\Namai\Desktop\baldai-django\.venv\lib\site-packages\django\views\decorators\csrf.py", line 56, in wrapper_view
    return view_func(*args, **kwargs)
  File "C:\Users\Namai\Desktop\baldai-django\furniture_app\views.py", line 165, in post_defect
    state = State.objects.get(title="Nepradëta")
  File "C:\Users\Namai\Desktop\baldai-django\.venv\lib\site-packages\django\db\models\manager.py", line 87, in manager_method
    return getattr(self.get_queryset(), name)(*args, **kwargs)
  File "C:\Users\Namai\Desktop\baldai-django\.venv\lib\site-packages\django\db\models\query.py", line 637, in get
    raise self.model.DoesNotExist(
furniture_app.models.State.DoesNotExist: State matching query does not exist.
"POST /defect/ HTTP/1.1" 500 82732
"POST /defect/ HTTP/1.1" 500 82732
C:\Users\Namai\Desktop\baldai-django\furniture_app\models.py changed, reloading.
C:\Users\Namai\Desktop\baldai-django\furniture_app\models.py changed, reloading.
Watching for file changes with StatReloader
Watching for file changes with StatReloader
Watching for file changes with StatReloader
Watching for file changes with StatReloader
Watching for file changes with StatReloader
Watching for file changes with StatReloader
Internal Server Error: /defect/
Traceback (most recent call last):
  File "C:\Users\Namai\Desktop\baldai-django\.venv\lib\site-packages\django\core\handlers\exception.py", line 55, in inner
    response = get_response(request)
  File "C:\Users\Namai\Desktop\baldai-django\.venv\lib\site-packages\django\core\handlers\base.py", line 197, in _get_response
    response = wrapped_callback(request, *callback_args, **callback_kwargs)
  File "C:\Users\Namai\Desktop\baldai-django\.venv\lib\site-packages\django\views\decorators\csrf.py", line 56, in wrapper_view
    return view_func(*args, **kwargs)
  File "C:\Users\Namai\Desktop\baldai-django\furniture_app\views.py", line 164, in post_defect
    user = User.objects.get(username=username)
  File "C:\Users\Namai\Desktop\baldai-django\.venv\lib\site-packages\django\db\models\manager.py", line 87, in manager_method
    return getattr(self.get_queryset(), name)(*args, **kwargs)
  File "C:\Users\Namai\Desktop\baldai-django\.venv\lib\site-packages\django\db\models\query.py", line 637, in get
    raise self.model.DoesNotExist(
django.contrib.auth.models.User.DoesNotExist: User matching query does not exist.
Internal Server Error: /defect/
Traceback (most recent call last):
  File "C:\Users\Namai\Desktop\baldai-django\.venv\lib\site-packages\django\core\handlers\exception.py", line 55, in inner
    response = get_response(request)
  File "C:\Users\Namai\Desktop\baldai-django\.venv\lib\site-packages\django\core\handlers\base.py", line 197, in _get_response
    response = wrapped_callback(request, *callback_args, **callback_kwargs)
  File "C:\Users\Namai\Desktop\baldai-django\.venv\lib\site-packages\django\views\decorators\csrf.py", line 56, in wrapper_view
    return view_func(*args, **kwargs)
  File "C:\Users\Namai\Desktop\baldai-django\furniture_app\views.py", line 164, in post_defect
    user = User.objects.get(username=username)
  File "C:\Users\Namai\Desktop\baldai-django\.venv\lib\site-packages\django\db\models\manager.py", line 87, in manager_method
    return getattr(self.get_queryset(), name)(*args, **kwargs)
  File "C:\Users\Namai\Desktop\baldai-django\.venv\lib\site-packages\django\db\models\query.py", line 637, in get
    raise self.model.DoesNotExist(
django.contrib.auth.models.User.DoesNotExist: User matching query does not exist.
"POST /defect/ HTTP/1.1" 500 82541
"POST /defect/ HTTP/1.1" 500 82541
"GET /types/ HTTP/1.1" 200 2
"GET /types/ HTTP/1.1" 200 2
"GET /furniture/ HTTP/1.1" 200 2
"GET /furniture/ HTTP/1.1" 200 2
"GET /types/ HTTP/1.1" 200 2
"GET /types/ HTTP/1.1" 200 2
"GET /furniture/ HTTP/1.1" 200 2
"GET /furniture/ HTTP/1.1" 200 2
"GET /types/ HTTP/1.1" 200 2
"GET /types/ HTTP/1.1" 200 2
"GET /furniture/ HTTP/1.1" 200 2
"GET /furniture/ HTTP/1.1" 200 2
Not Found: /latests/
Not Found: /latests/
"GET /latests/ HTTP/1.1" 404 2869
"GET /latests/ HTTP/1.1" 404 2869
"GET /defects/ HTTP/1.1" 200 2
"GET /defects/ HTTP/1.1" 200 2
"GET /types/ HTTP/1.1" 200 2
"GET /types/ HTTP/1.1" 200 2
"GET /furniture/ HTTP/1.1" 200 2
"GET /furniture/ HTTP/1.1" 200 2
"GET /types/ HTTP/1.1" 200 2
"GET /types/ HTTP/1.1" 200 2
"GET /furniture/ HTTP/1.1" 200 2
"GET /furniture/ HTTP/1.1" 200 2
Watching for file changes with StatReloader
Watching for file changes with StatReloader
"GET /types/ HTTP/1.1" 200 2
"GET /types/ HTTP/1.1" 200 2
"GET /furniture/ HTTP/1.1" 200 2
"GET /furniture/ HTTP/1.1" 200 2
"GET /types/ HTTP/1.1" 200 2
"GET /types/ HTTP/1.1" 200 2
"GET /furniture/ HTTP/1.1" 200 2
"GET /furniture/ HTTP/1.1" 200 2
C:\Users\Namai\Desktop\baldai-django\furniture_app\models.py changed, reloading.
C:\Users\Namai\Desktop\baldai-django\furniture_app\models.py changed, reloading.
Watching for file changes with StatReloader
Watching for file changes with StatReloader
"OPTIONS /signup/ HTTP/1.1" 200 0
"OPTIONS /signup/ HTTP/1.1" 200 0
"POST /signup/ HTTP/1.1" 200 202
"POST /signup/ HTTP/1.1" 200 202
"GET /types/ HTTP/1.1" 200 2
"GET /types/ HTTP/1.1" 200 2
"GET /furniture/ HTTP/1.1" 200 2
"GET /furniture/ HTTP/1.1" 200 2
Not Found: /latests/
Not Found: /latests/
"GET /latests/ HTTP/1.1" 404 2869
"GET /latests/ HTTP/1.1" 404 2869
"GET /defects/ HTTP/1.1" 200 2
"GET /defects/ HTTP/1.1" 200 2
"GET /types/ HTTP/1.1" 200 2
"GET /types/ HTTP/1.1" 200 2
"GET /furniture/ HTTP/1.1" 200 2
"GET /furniture/ HTTP/1.1" 200 2
"GET /types/ HTTP/1.1" 200 2
"GET /types/ HTTP/1.1" 200 2
"GET /furniture/ HTTP/1.1" 200 2
"GET /furniture/ HTTP/1.1" 200 2
"GET /types/ HTTP/1.1" 200 235
"GET /types/ HTTP/1.1" 200 235
"GET /furniture/ HTTP/1.1" 200 403
"GET /furniture/ HTTP/1.1" 200 403
Unprocessable Entity: /defect/
Unprocessable Entity: /defect/
"POST /defect/ HTTP/1.1" 422 54
"POST /defect/ HTTP/1.1" 422 54
"GET /types/ HTTP/1.1" 200 235
"GET /types/ HTTP/1.1" 200 235
"GET /furniture/ HTTP/1.1" 200 403
"GET /furniture/ HTTP/1.1" 200 403
Internal Server Error: /defect/
Traceback (most recent call last):
  File "C:\Users\Namai\Desktop\baldai-django\.venv\lib\site-packages\django\db\backends\utils.py", line 89, in _execute
    return self.cursor.execute(sql, params)
  File "C:\Users\Namai\Desktop\baldai-django\.venv\lib\site-packages\django\db\backends\mysql\base.py", line 75, in execute
    return self.cursor.execute(query, args)
  File "C:\Users\Namai\Desktop\baldai-django\.venv\lib\site-packages\MySQLdb\cursors.py", line 179, in execute
    res = self._query(mogrified_query)
  File "C:\Users\Namai\Desktop\baldai-django\.venv\lib\site-packages\MySQLdb\cursors.py", line 330, in _query
    db.query(q)
  File "C:\Users\Namai\Desktop\baldai-django\.venv\lib\site-packages\MySQLdb\connections.py", line 255, in query
    _mysql.connection.query(self, query)
MySQLdb.IntegrityError: (1048, "Column 'user_assigned_id' cannot be null")

The above exception was the direct cause of the following exception:

Traceback (most recent call last):
  File "C:\Users\Namai\Desktop\baldai-django\.venv\lib\site-packages\django\core\handlers\exception.py", line 55, in inner
    response = get_response(request)
  File "C:\Users\Namai\Desktop\baldai-django\.venv\lib\site-packages\django\core\handlers\base.py", line 197, in _get_response
    response = wrapped_callback(request, *callback_args, **callback_kwargs)
  File "C:\Users\Namai\Desktop\baldai-django\.venv\lib\site-packages\django\views\decorators\csrf.py", line 56, in wrapper_view
    return view_func(*args, **kwargs)
  File "C:\Users\Namai\Desktop\baldai-django\furniture_app\views.py", line 174, in post_defect
    defect.save()
  File "C:\Users\Namai\Desktop\baldai-django\.venv\lib\site-packages\django\db\models\base.py", line 814, in save
    self.save_base(
  File "C:\Users\Namai\Desktop\baldai-django\.venv\lib\site-packages\django\db\models\base.py", line 877, in save_base
    updated = self._save_table(
  File "C:\Users\Namai\Desktop\baldai-django\.venv\lib\site-packages\django\db\models\base.py", line 1020, in _save_table
    results = self._do_insert(
  File "C:\Users\Namai\Desktop\baldai-django\.venv\lib\site-packages\django\db\models\base.py", line 1061, in _do_insert
    return manager._insert(
  File "C:\Users\Namai\Desktop\baldai-django\.venv\lib\site-packages\django\db\models\manager.py", line 87, in manager_method
    return getattr(self.get_queryset(), name)(*args, **kwargs)
  File "C:\Users\Namai\Desktop\baldai-django\.venv\lib\site-packages\django\db\models\query.py", line 1805, in _insert
    return query.get_compiler(using=using).execute_sql(returning_fields)
  File "C:\Users\Namai\Desktop\baldai-django\.venv\lib\site-packages\django\db\models\sql\compiler.py", line 1822, in execute_sql
    cursor.execute(sql, params)
  File "C:\Users\Namai\Desktop\baldai-django\.venv\lib\site-packages\django\db\backends\utils.py", line 102, in execute
    return super().execute(sql, params)
  File "C:\Users\Namai\Desktop\baldai-django\.venv\lib\site-packages\django\db\backends\utils.py", line 67, in execute
    return self._execute_with_wrappers(
  File "C:\Users\Namai\Desktop\baldai-django\.venv\lib\site-packages\django\db\backends\utils.py", line 80, in _execute_with_wrappers
    return executor(sql, params, many, context)
  File "C:\Users\Namai\Desktop\baldai-django\.venv\lib\site-packages\django\db\backends\utils.py", line 89, in _execute
    return self.cursor.execute(sql, params)
  File "C:\Users\Namai\Desktop\baldai-django\.venv\lib\site-packages\django\db\utils.py", line 91, in __exit__
    raise dj_exc_value.with_traceback(traceback) from exc_value
  File "C:\Users\Namai\Desktop\baldai-django\.venv\lib\site-packages\django\db\backends\utils.py", line 89, in _execute
    return self.cursor.execute(sql, params)
  File "C:\Users\Namai\Desktop\baldai-django\.venv\lib\site-packages\django\db\backends\mysql\base.py", line 75, in execute
    return self.cursor.execute(query, args)
  File "C:\Users\Namai\Desktop\baldai-django\.venv\lib\site-packages\MySQLdb\cursors.py", line 179, in execute
    res = self._query(mogrified_query)
  File "C:\Users\Namai\Desktop\baldai-django\.venv\lib\site-packages\MySQLdb\cursors.py", line 330, in _query
    db.query(q)
  File "C:\Users\Namai\Desktop\baldai-django\.venv\lib\site-packages\MySQLdb\connections.py", line 255, in query
    _mysql.connection.query(self, query)
django.db.utils.IntegrityError: (1048, "Column 'user_assigned_id' cannot be null")
Internal Server Error: /defect/
Traceback (most recent call last):
  File "C:\Users\Namai\Desktop\baldai-django\.venv\lib\site-packages\django\db\backends\utils.py", line 89, in _execute
    return self.cursor.execute(sql, params)
  File "C:\Users\Namai\Desktop\baldai-django\.venv\lib\site-packages\django\db\backends\mysql\base.py", line 75, in execute
    return self.cursor.execute(query, args)
  File "C:\Users\Namai\Desktop\baldai-django\.venv\lib\site-packages\MySQLdb\cursors.py", line 179, in execute
    res = self._query(mogrified_query)
  File "C:\Users\Namai\Desktop\baldai-django\.venv\lib\site-packages\MySQLdb\cursors.py", line 330, in _query
    db.query(q)
  File "C:\Users\Namai\Desktop\baldai-django\.venv\lib\site-packages\MySQLdb\connections.py", line 255, in query
    _mysql.connection.query(self, query)
MySQLdb.IntegrityError: (1048, "Column 'user_assigned_id' cannot be null")

The above exception was the direct cause of the following exception:

Traceback (most recent call last):
  File "C:\Users\Namai\Desktop\baldai-django\.venv\lib\site-packages\django\core\handlers\exception.py", line 55, in inner
    response = get_response(request)
  File "C:\Users\Namai\Desktop\baldai-django\.venv\lib\site-packages\django\core\handlers\base.py", line 197, in _get_response
    response = wrapped_callback(request, *callback_args, **callback_kwargs)
  File "C:\Users\Namai\Desktop\baldai-django\.venv\lib\site-packages\django\views\decorators\csrf.py", line 56, in wrapper_view
    return view_func(*args, **kwargs)
  File "C:\Users\Namai\Desktop\baldai-django\furniture_app\views.py", line 174, in post_defect
    defect.save()
  File "C:\Users\Namai\Desktop\baldai-django\.venv\lib\site-packages\django\db\models\base.py", line 814, in save
    self.save_base(
  File "C:\Users\Namai\Desktop\baldai-django\.venv\lib\site-packages\django\db\models\base.py", line 877, in save_base
    updated = self._save_table(
  File "C:\Users\Namai\Desktop\baldai-django\.venv\lib\site-packages\django\db\models\base.py", line 1020, in _save_table
    results = self._do_insert(
  File "C:\Users\Namai\Desktop\baldai-django\.venv\lib\site-packages\django\db\models\base.py", line 1061, in _do_insert
    return manager._insert(
  File "C:\Users\Namai\Desktop\baldai-django\.venv\lib\site-packages\django\db\models\manager.py", line 87, in manager_method
    return getattr(self.get_queryset(), name)(*args, **kwargs)
  File "C:\Users\Namai\Desktop\baldai-django\.venv\lib\site-packages\django\db\models\query.py", line 1805, in _insert
    return query.get_compiler(using=using).execute_sql(returning_fields)
  File "C:\Users\Namai\Desktop\baldai-django\.venv\lib\site-packages\django\db\models\sql\compiler.py", line 1822, in execute_sql
    cursor.execute(sql, params)
  File "C:\Users\Namai\Desktop\baldai-django\.venv\lib\site-packages\django\db\backends\utils.py", line 102, in execute
    return super().execute(sql, params)
  File "C:\Users\Namai\Desktop\baldai-django\.venv\lib\site-packages\django\db\backends\utils.py", line 67, in execute
    return self._execute_with_wrappers(
  File "C:\Users\Namai\Desktop\baldai-django\.venv\lib\site-packages\django\db\backends\utils.py", line 80, in _execute_with_wrappers
    return executor(sql, params, many, context)
  File "C:\Users\Namai\Desktop\baldai-django\.venv\lib\site-packages\django\db\backends\utils.py", line 89, in _execute
    return self.cursor.execute(sql, params)
  File "C:\Users\Namai\Desktop\baldai-django\.venv\lib\site-packages\django\db\utils.py", line 91, in __exit__
    raise dj_exc_value.with_traceback(traceback) from exc_value
  File "C:\Users\Namai\Desktop\baldai-django\.venv\lib\site-packages\django\db\backends\utils.py", line 89, in _execute
    return self.cursor.execute(sql, params)
  File "C:\Users\Namai\Desktop\baldai-django\.venv\lib\site-packages\django\db\backends\mysql\base.py", line 75, in execute
    return self.cursor.execute(query, args)
  File "C:\Users\Namai\Desktop\baldai-django\.venv\lib\site-packages\MySQLdb\cursors.py", line 179, in execute
    res = self._query(mogrified_query)
  File "C:\Users\Namai\Desktop\baldai-django\.venv\lib\site-packages\MySQLdb\cursors.py", line 330, in _query
    db.query(q)
  File "C:\Users\Namai\Desktop\baldai-django\.venv\lib\site-packages\MySQLdb\connections.py", line 255, in query
    _mysql.connection.query(self, query)
django.db.utils.IntegrityError: (1048, "Column 'user_assigned_id' cannot be null")
"POST /defect/ HTTP/1.1" 500 179473
"POST /defect/ HTTP/1.1" 500 179473
C:\Users\Namai\Desktop\baldai-django\furniture_app\models.py changed, reloading.
C:\Users\Namai\Desktop\baldai-django\furniture_app\models.py changed, reloading.
Watching for file changes with StatReloader
Watching for file changes with StatReloader
Watching for file changes with StatReloader
Watching for file changes with StatReloader
"POST /defect/ HTTP/1.1" 201 26
"POST /defect/ HTTP/1.1" 201 26
Not Found: /latests/
Not Found: /latests/
"GET /latests/ HTTP/1.1" 404 2869
"GET /latests/ HTTP/1.1" 404 2869
"GET /defects/ HTTP/1.1" 200 129
"GET /defects/ HTTP/1.1" 200 129
"GET /defects/ HTTP/1.1" 200 129
"GET /defects/ HTTP/1.1" 200 129
"GET /defects/ HTTP/1.1" 200 129
"GET /defects/ HTTP/1.1" 200 129
C:\Users\Namai\Desktop\baldai-django\furniture_app\views.py changed, reloading.
C:\Users\Namai\Desktop\baldai-django\furniture_app\views.py changed, reloading.
Watching for file changes with StatReloader
Watching for file changes with StatReloader
C:\Users\Namai\Desktop\baldai-django\furniture_app\views.py changed, reloading.
C:\Users\Namai\Desktop\baldai-django\furniture_app\views.py changed, reloading.
Watching for file changes with StatReloader
Watching for file changes with StatReloader
"GET /defects/ HTTP/1.1" 200 174
"GET /defects/ HTTP/1.1" 200 174
C:\Users\Namai\Desktop\baldai-django\furniture_app\views.py changed, reloading.
C:\Users\Namai\Desktop\baldai-django\furniture_app\views.py changed, reloading.
Watching for file changes with StatReloader
Watching for file changes with StatReloader
C:\Users\Namai\Desktop\baldai-django\furniture_app\views.py changed, reloading.
C:\Users\Namai\Desktop\baldai-django\furniture_app\views.py changed, reloading.
Watching for file changes with StatReloader
Watching for file changes with StatReloader
Internal Server Error: /defects/
Traceback (most recent call last):
  File "C:\Users\Namai\Desktop\baldai-django\.venv\lib\site-packages\django\core\handlers\exception.py", line 55, in inner
    response = get_response(request)
  File "C:\Users\Namai\Desktop\baldai-django\.venv\lib\site-packages\django\core\handlers\base.py", line 197, in _get_response
    response = wrapped_callback(request, *callback_args, **callback_kwargs)
  File "C:\Users\Namai\Desktop\baldai-django\.venv\lib\site-packages\django\views\decorators\csrf.py", line 56, in wrapper_view
    return view_func(*args, **kwargs)
  File "C:\Users\Namai\Desktop\baldai-django\furniture_app\views.py", line 211, in get_defects
    return JsonResponse(defects_list, safe=False, status=200)
  File "C:\Users\Namai\Desktop\baldai-django\.venv\lib\site-packages\django\http\response.py", line 731, in __init__
    data = json.dumps(data, cls=encoder, **json_dumps_params)
  File "C:\Users\Namai\AppData\Local\Programs\Python\Python39\lib\json\__init__.py", line 234, in dumps
    return cls(
  File "C:\Users\Namai\AppData\Local\Programs\Python\Python39\lib\json\encoder.py", line 199, in encode
    chunks = self.iterencode(o, _one_shot=True)
  File "C:\Users\Namai\AppData\Local\Programs\Python\Python39\lib\json\encoder.py", line 257, in iterencode
    return _iterencode(o, 0)
  File "C:\Users\Namai\Desktop\baldai-django\.venv\lib\site-packages\django\core\serializers\json.py", line 106, in default
    return super().default(o)
  File "C:\Users\Namai\AppData\Local\Programs\Python\Python39\lib\json\encoder.py", line 179, in default
    raise TypeError(f'Object of type {o.__class__.__name__} '
TypeError: Object of type State is not JSON serializable
Internal Server Error: /defects/
Traceback (most recent call last):
  File "C:\Users\Namai\Desktop\baldai-django\.venv\lib\site-packages\django\core\handlers\exception.py", line 55, in inner
    response = get_response(request)
  File "C:\Users\Namai\Desktop\baldai-django\.venv\lib\site-packages\django\core\handlers\base.py", line 197, in _get_response
    response = wrapped_callback(request, *callback_args, **callback_kwargs)
  File "C:\Users\Namai\Desktop\baldai-django\.venv\lib\site-packages\django\views\decorators\csrf.py", line 56, in wrapper_view
    return view_func(*args, **kwargs)
  File "C:\Users\Namai\Desktop\baldai-django\furniture_app\views.py", line 211, in get_defects
    return JsonResponse(defects_list, safe=False, status=200)
  File "C:\Users\Namai\Desktop\baldai-django\.venv\lib\site-packages\django\http\response.py", line 731, in __init__
    data = json.dumps(data, cls=encoder, **json_dumps_params)
  File "C:\Users\Namai\AppData\Local\Programs\Python\Python39\lib\json\__init__.py", line 234, in dumps
    return cls(
  File "C:\Users\Namai\AppData\Local\Programs\Python\Python39\lib\json\encoder.py", line 199, in encode
    chunks = self.iterencode(o, _one_shot=True)
  File "C:\Users\Namai\AppData\Local\Programs\Python\Python39\lib\json\encoder.py", line 257, in iterencode
    return _iterencode(o, 0)
  File "C:\Users\Namai\Desktop\baldai-django\.venv\lib\site-packages\django\core\serializers\json.py", line 106, in default
    return super().default(o)
  File "C:\Users\Namai\AppData\Local\Programs\Python\Python39\lib\json\encoder.py", line 179, in default
    raise TypeError(f'Object of type {o.__class__.__name__} '
TypeError: Object of type State is not JSON serializable
"GET /defects/ HTTP/1.1" 500 101924
"GET /defects/ HTTP/1.1" 500 101924
Internal Server Error: /defects/
Traceback (most recent call last):
  File "C:\Users\Namai\Desktop\baldai-django\.venv\lib\site-packages\django\core\handlers\exception.py", line 55, in inner
    response = get_response(request)
  File "C:\Users\Namai\Desktop\baldai-django\.venv\lib\site-packages\django\core\handlers\base.py", line 197, in _get_response
    response = wrapped_callback(request, *callback_args, **callback_kwargs)
  File "C:\Users\Namai\Desktop\baldai-django\.venv\lib\site-packages\django\views\decorators\csrf.py", line 56, in wrapper_view
    return view_func(*args, **kwargs)
  File "C:\Users\Namai\Desktop\baldai-django\furniture_app\views.py", line 211, in get_defects
    return JsonResponse(defects_list, safe=False, status=200)
  File "C:\Users\Namai\Desktop\baldai-django\.venv\lib\site-packages\django\http\response.py", line 731, in __init__
    data = json.dumps(data, cls=encoder, **json_dumps_params)
  File "C:\Users\Namai\AppData\Local\Programs\Python\Python39\lib\json\__init__.py", line 234, in dumps
    return cls(
  File "C:\Users\Namai\AppData\Local\Programs\Python\Python39\lib\json\encoder.py", line 199, in encode
    chunks = self.iterencode(o, _one_shot=True)
  File "C:\Users\Namai\AppData\Local\Programs\Python\Python39\lib\json\encoder.py", line 257, in iterencode
    return _iterencode(o, 0)
  File "C:\Users\Namai\Desktop\baldai-django\.venv\lib\site-packages\django\core\serializers\json.py", line 106, in default
    return super().default(o)
  File "C:\Users\Namai\AppData\Local\Programs\Python\Python39\lib\json\encoder.py", line 179, in default
    raise TypeError(f'Object of type {o.__class__.__name__} '
TypeError: Object of type State is not JSON serializable
Internal Server Error: /defects/
Traceback (most recent call last):
  File "C:\Users\Namai\Desktop\baldai-django\.venv\lib\site-packages\django\core\handlers\exception.py", line 55, in inner
    response = get_response(request)
  File "C:\Users\Namai\Desktop\baldai-django\.venv\lib\site-packages\django\core\handlers\base.py", line 197, in _get_response
    response = wrapped_callback(request, *callback_args, **callback_kwargs)
  File "C:\Users\Namai\Desktop\baldai-django\.venv\lib\site-packages\django\views\decorators\csrf.py", line 56, in wrapper_view
    return view_func(*args, **kwargs)
  File "C:\Users\Namai\Desktop\baldai-django\furniture_app\views.py", line 211, in get_defects
    return JsonResponse(defects_list, safe=False, status=200)
  File "C:\Users\Namai\Desktop\baldai-django\.venv\lib\site-packages\django\http\response.py", line 731, in __init__
    data = json.dumps(data, cls=encoder, **json_dumps_params)
  File "C:\Users\Namai\AppData\Local\Programs\Python\Python39\lib\json\__init__.py", line 234, in dumps
    return cls(
  File "C:\Users\Namai\AppData\Local\Programs\Python\Python39\lib\json\encoder.py", line 199, in encode
    chunks = self.iterencode(o, _one_shot=True)
  File "C:\Users\Namai\AppData\Local\Programs\Python\Python39\lib\json\encoder.py", line 257, in iterencode
    return _iterencode(o, 0)
  File "C:\Users\Namai\Desktop\baldai-django\.venv\lib\site-packages\django\core\serializers\json.py", line 106, in default
    return super().default(o)
  File "C:\Users\Namai\AppData\Local\Programs\Python\Python39\lib\json\encoder.py", line 179, in default
    raise TypeError(f'Object of type {o.__class__.__name__} '
TypeError: Object of type State is not JSON serializable
"GET /defects/ HTTP/1.1" 500 101924
"GET /defects/ HTTP/1.1" 500 101924
Internal Server Error: /defects/
Traceback (most recent call last):
  File "C:\Users\Namai\Desktop\baldai-django\.venv\lib\site-packages\django\core\handlers\exception.py", line 55, in inner
    response = get_response(request)
  File "C:\Users\Namai\Desktop\baldai-django\.venv\lib\site-packages\django\core\handlers\base.py", line 197, in _get_response
    response = wrapped_callback(request, *callback_args, **callback_kwargs)
  File "C:\Users\Namai\Desktop\baldai-django\.venv\lib\site-packages\django\views\decorators\csrf.py", line 56, in wrapper_view
    return view_func(*args, **kwargs)
  File "C:\Users\Namai\Desktop\baldai-django\furniture_app\views.py", line 211, in get_defects
    return JsonResponse(defects_list, safe=False, status=200)
  File "C:\Users\Namai\Desktop\baldai-django\.venv\lib\site-packages\django\http\response.py", line 731, in __init__
    data = json.dumps(data, cls=encoder, **json_dumps_params)
  File "C:\Users\Namai\AppData\Local\Programs\Python\Python39\lib\json\__init__.py", line 234, in dumps
    return cls(
  File "C:\Users\Namai\AppData\Local\Programs\Python\Python39\lib\json\encoder.py", line 199, in encode
    chunks = self.iterencode(o, _one_shot=True)
  File "C:\Users\Namai\AppData\Local\Programs\Python\Python39\lib\json\encoder.py", line 257, in iterencode
    return _iterencode(o, 0)
  File "C:\Users\Namai\Desktop\baldai-django\.venv\lib\site-packages\django\core\serializers\json.py", line 106, in default
    return super().default(o)
  File "C:\Users\Namai\AppData\Local\Programs\Python\Python39\lib\json\encoder.py", line 179, in default
    raise TypeError(f'Object of type {o.__class__.__name__} '
TypeError: Object of type State is not JSON serializable
Internal Server Error: /defects/
Traceback (most recent call last):
  File "C:\Users\Namai\Desktop\baldai-django\.venv\lib\site-packages\django\core\handlers\exception.py", line 55, in inner
    response = get_response(request)
  File "C:\Users\Namai\Desktop\baldai-django\.venv\lib\site-packages\django\core\handlers\base.py", line 197, in _get_response
    response = wrapped_callback(request, *callback_args, **callback_kwargs)
  File "C:\Users\Namai\Desktop\baldai-django\.venv\lib\site-packages\django\views\decorators\csrf.py", line 56, in wrapper_view
    return view_func(*args, **kwargs)
  File "C:\Users\Namai\Desktop\baldai-django\furniture_app\views.py", line 211, in get_defects
    return JsonResponse(defects_list, safe=False, status=200)
  File "C:\Users\Namai\Desktop\baldai-django\.venv\lib\site-packages\django\http\response.py", line 731, in __init__
    data = json.dumps(data, cls=encoder, **json_dumps_params)
  File "C:\Users\Namai\AppData\Local\Programs\Python\Python39\lib\json\__init__.py", line 234, in dumps
    return cls(
  File "C:\Users\Namai\AppData\Local\Programs\Python\Python39\lib\json\encoder.py", line 199, in encode
    chunks = self.iterencode(o, _one_shot=True)
  File "C:\Users\Namai\AppData\Local\Programs\Python\Python39\lib\json\encoder.py", line 257, in iterencode
    return _iterencode(o, 0)
  File "C:\Users\Namai\Desktop\baldai-django\.venv\lib\site-packages\django\core\serializers\json.py", line 106, in default
    return super().default(o)
  File "C:\Users\Namai\AppData\Local\Programs\Python\Python39\lib\json\encoder.py", line 179, in default
    raise TypeError(f'Object of type {o.__class__.__name__} '
TypeError: Object of type State is not JSON serializable
"GET /defects/ HTTP/1.1" 500 101924
"GET /defects/ HTTP/1.1" 500 101924
C:\Users\Namai\Desktop\baldai-django\furniture_app\views.py changed, reloading.
C:\Users\Namai\Desktop\baldai-django\furniture_app\views.py changed, reloading.
Watching for file changes with StatReloader
Watching for file changes with StatReloader
Internal Server Error: /defects/
Traceback (most recent call last):
  File "C:\Users\Namai\Desktop\baldai-django\.venv\lib\site-packages\django\core\handlers\exception.py", line 55, in inner
    response = get_response(request)
  File "C:\Users\Namai\Desktop\baldai-django\.venv\lib\site-packages\django\core\handlers\base.py", line 197, in _get_response
    response = wrapped_callback(request, *callback_args, **callback_kwargs)
  File "C:\Users\Namai\Desktop\baldai-django\.venv\lib\site-packages\django\views\decorators\csrf.py", line 56, in wrapper_view
    return view_func(*args, **kwargs)
  File "C:\Users\Namai\Desktop\baldai-django\furniture_app\views.py", line 211, in get_defects
    return JsonResponse(defects_list, safe=False, status=200)
  File "C:\Users\Namai\Desktop\baldai-django\.venv\lib\site-packages\django\http\response.py", line 731, in __init__
    data = json.dumps(data, cls=encoder, **json_dumps_params)
  File "C:\Users\Namai\AppData\Local\Programs\Python\Python39\lib\json\__init__.py", line 234, in dumps
    return cls(
  File "C:\Users\Namai\AppData\Local\Programs\Python\Python39\lib\json\encoder.py", line 199, in encode
    chunks = self.iterencode(o, _one_shot=True)
  File "C:\Users\Namai\AppData\Local\Programs\Python\Python39\lib\json\encoder.py", line 257, in iterencode
    return _iterencode(o, 0)
  File "C:\Users\Namai\Desktop\baldai-django\.venv\lib\site-packages\django\core\serializers\json.py", line 106, in default
    return super().default(o)
  File "C:\Users\Namai\AppData\Local\Programs\Python\Python39\lib\json\encoder.py", line 179, in default
    raise TypeError(f'Object of type {o.__class__.__name__} '
TypeError: Object of type State is not JSON serializable
Internal Server Error: /defects/
Traceback (most recent call last):
  File "C:\Users\Namai\Desktop\baldai-django\.venv\lib\site-packages\django\core\handlers\exception.py", line 55, in inner
    response = get_response(request)
  File "C:\Users\Namai\Desktop\baldai-django\.venv\lib\site-packages\django\core\handlers\base.py", line 197, in _get_response
    response = wrapped_callback(request, *callback_args, **callback_kwargs)
  File "C:\Users\Namai\Desktop\baldai-django\.venv\lib\site-packages\django\views\decorators\csrf.py", line 56, in wrapper_view
    return view_func(*args, **kwargs)
  File "C:\Users\Namai\Desktop\baldai-django\furniture_app\views.py", line 211, in get_defects
    return JsonResponse(defects_list, safe=False, status=200)
  File "C:\Users\Namai\Desktop\baldai-django\.venv\lib\site-packages\django\http\response.py", line 731, in __init__
    data = json.dumps(data, cls=encoder, **json_dumps_params)
  File "C:\Users\Namai\AppData\Local\Programs\Python\Python39\lib\json\__init__.py", line 234, in dumps
    return cls(
  File "C:\Users\Namai\AppData\Local\Programs\Python\Python39\lib\json\encoder.py", line 199, in encode
    chunks = self.iterencode(o, _one_shot=True)
  File "C:\Users\Namai\AppData\Local\Programs\Python\Python39\lib\json\encoder.py", line 257, in iterencode
    return _iterencode(o, 0)
  File "C:\Users\Namai\Desktop\baldai-django\.venv\lib\site-packages\django\core\serializers\json.py", line 106, in default
    return super().default(o)
  File "C:\Users\Namai\AppData\Local\Programs\Python\Python39\lib\json\encoder.py", line 179, in default
    raise TypeError(f'Object of type {o.__class__.__name__} '
TypeError: Object of type State is not JSON serializable
"GET /defects/ HTTP/1.1" 500 101924
"GET /defects/ HTTP/1.1" 500 101924
C:\Users\Namai\Desktop\baldai-django\furniture_app\views.py changed, reloading.
C:\Users\Namai\Desktop\baldai-django\furniture_app\views.py changed, reloading.
Watching for file changes with StatReloader
Watching for file changes with StatReloader
"GET /defects/ HTTP/1.1" 200 201
"GET /defects/ HTTP/1.1" 200 201
"GET /defects/ HTTP/1.1" 200 201
"GET /defects/ HTTP/1.1" 200 201
C:\Users\Namai\Desktop\baldai-django\furniture_app\views.py changed, reloading.
C:\Users\Namai\Desktop\baldai-django\furniture_app\views.py changed, reloading.
Watching for file changes with StatReloader
Watching for file changes with StatReloader
"GET /defects/ HTTP/1.1" 200 226
"GET /defects/ HTTP/1.1" 200 226
"GET /defects/ HTTP/1.1" 200 226
"GET /defects/ HTTP/1.1" 200 226
C:\Users\Namai\Desktop\baldai-django\furniture_app\views.py changed, reloading.
C:\Users\Namai\Desktop\baldai-django\furniture_app\views.py changed, reloading.
Watching for file changes with StatReloader
Watching for file changes with StatReloader
"GET /defects/ HTTP/1.1" 200 226
"GET /defects/ HTTP/1.1" 200 226
"OPTIONS /defect/1/ HTTP/1.1" 200 0
"OPTIONS /defect/1/ HTTP/1.1" 200 0
"OPTIONS /states/ HTTP/1.1" 200 0
"OPTIONS /states/ HTTP/1.1" 200 0
Not Found: /states/
Not Found: /states/
Not Found: /defect/1/
Not Found: /defect/1/
"GET /states/ HTTP/1.1" 404 2866
"GET /states/ HTTP/1.1" 404 2866
"GET /defect/1/ HTTP/1.1" 404 2872
"GET /defect/1/ HTTP/1.1" 404 2872
"GET /defects/ HTTP/1.1" 200 226
"GET /defects/ HTTP/1.1" 200 226
Not Found: /defect/1/
Not Found: /defect/1/
Not Found: /states/
Not Found: /states/
"GET /defect/1/ HTTP/1.1" 404 2872
"GET /defect/1/ HTTP/1.1" 404 2872
"GET /states/ HTTP/1.1" 404 2866
"GET /states/ HTTP/1.1" 404 2866
Not Found: /defect/1/
Not Found: /defect/1/
"GET /defect/1/ HTTP/1.1" 404 2872
"GET /defect/1/ HTTP/1.1" 404 2872
Not Found: /states/
Not Found: /states/
"GET /states/ HTTP/1.1" 404 2866
"GET /states/ HTTP/1.1" 404 2866
Not Found: /defect/1/
Not Found: /defect/1/
Not Found: /states/
Not Found: /states/
"GET /defect/1/ HTTP/1.1" 404 2872
"GET /defect/1/ HTTP/1.1" 404 2872
"GET /states/ HTTP/1.1" 404 2866
"GET /states/ HTTP/1.1" 404 2866
Not Found: /states/
Not Found: /states/
Not Found: /defect/1/
Not Found: /defect/1/
"GET /states/ HTTP/1.1" 404 2866
"GET /states/ HTTP/1.1" 404 2866
"GET /defect/1/ HTTP/1.1" 404 2872
"GET /defect/1/ HTTP/1.1" 404 2872
Not Found: /defect/1/
Not Found: /defect/1/
Not Found: /states/
Not Found: /states/
"GET /defect/1/ HTTP/1.1" 404 2872
"GET /defect/1/ HTTP/1.1" 404 2872
"GET /states/ HTTP/1.1" 404 2866
"GET /states/ HTTP/1.1" 404 2866
Not Found: /defect/1/
Not Found: /defect/1/
Not Found: /states/
Not Found: /states/
"GET /defect/1/ HTTP/1.1" 404 2872
"GET /defect/1/ HTTP/1.1" 404 2872
"GET /states/ HTTP/1.1" 404 2866
"GET /states/ HTTP/1.1" 404 2866
Not Found: /defect/1/
Not Found: /defect/1/
Not Found: /states/
Not Found: /states/
"GET /defect/1/ HTTP/1.1" 404 2872
"GET /defect/1/ HTTP/1.1" 404 2872
"GET /states/ HTTP/1.1" 404 2866
"GET /states/ HTTP/1.1" 404 2866
Not Found: /defect/1/
Not Found: /defect/1/
Not Found: /states/
Not Found: /states/
"GET /defect/1/ HTTP/1.1" 404 2872
"GET /defect/1/ HTTP/1.1" 404 2872
"GET /states/ HTTP/1.1" 404 2866
"GET /states/ HTTP/1.1" 404 2866
C:\Users\Namai\Desktop\baldai-django\furniture_app\views.py changed, reloading.
C:\Users\Namai\Desktop\baldai-django\furniture_app\views.py changed, reloading.
Watching for file changes with StatReloader
Watching for file changes with StatReloader
C:\Users\Namai\Desktop\baldai-django\web_project\urls.py changed, reloading.
C:\Users\Namai\Desktop\baldai-django\web_project\urls.py changed, reloading.
Watching for file changes with StatReloader
Watching for file changes with StatReloader
C:\Users\Namai\Desktop\baldai-django\web_project\urls.py changed, reloading.
C:\Users\Namai\Desktop\baldai-django\web_project\urls.py changed, reloading.
Watching for file changes with StatReloader
Watching for file changes with StatReloader
C:\Users\Namai\Desktop\baldai-django\furniture_app\views.py changed, reloading.
C:\Users\Namai\Desktop\baldai-django\furniture_app\views.py changed, reloading.
Watching for file changes with StatReloader
Watching for file changes with StatReloader
C:\Users\Namai\Desktop\baldai-django\furniture_app\views.py changed, reloading.
C:\Users\Namai\Desktop\baldai-django\furniture_app\views.py changed, reloading.
Watching for file changes with StatReloader
Watching for file changes with StatReloader
C:\Users\Namai\Desktop\baldai-django\furniture_app\views.py changed, reloading.
C:\Users\Namai\Desktop\baldai-django\furniture_app\views.py changed, reloading.
Watching for file changes with StatReloader
Watching for file changes with StatReloader
C:\Users\Namai\Desktop\baldai-django\furniture_app\views.py changed, reloading.
C:\Users\Namai\Desktop\baldai-django\furniture_app\views.py changed, reloading.
Watching for file changes with StatReloader
Watching for file changes with StatReloader
C:\Users\Namai\Desktop\baldai-django\furniture_app\views.py changed, reloading.
C:\Users\Namai\Desktop\baldai-django\furniture_app\views.py changed, reloading.
Watching for file changes with StatReloader
Watching for file changes with StatReloader
C:\Users\Namai\Desktop\baldai-django\furniture_app\views.py changed, reloading.
C:\Users\Namai\Desktop\baldai-django\furniture_app\views.py changed, reloading.
Watching for file changes with StatReloader
Watching for file changes with StatReloader
C:\Users\Namai\Desktop\baldai-django\furniture_app\views.py changed, reloading.
C:\Users\Namai\Desktop\baldai-django\furniture_app\views.py changed, reloading.
Watching for file changes with StatReloader
Watching for file changes with StatReloader
C:\Users\Namai\Desktop\baldai-django\web_project\urls.py changed, reloading.
C:\Users\Namai\Desktop\baldai-django\web_project\urls.py changed, reloading.
Watching for file changes with StatReloader
Watching for file changes with StatReloader
C:\Users\Namai\Desktop\baldai-django\furniture_app\views.py changed, reloading.
C:\Users\Namai\Desktop\baldai-django\furniture_app\views.py changed, reloading.
Watching for file changes with StatReloader
Watching for file changes with StatReloader
C:\Users\Namai\Desktop\baldai-django\furniture_app\views.py changed, reloading.
C:\Users\Namai\Desktop\baldai-django\furniture_app\views.py changed, reloading.
Watching for file changes with StatReloader
Watching for file changes with StatReloader
C:\Users\Namai\Desktop\baldai-django\furniture_app\views.py changed, reloading.
C:\Users\Namai\Desktop\baldai-django\furniture_app\views.py changed, reloading.
Watching for file changes with StatReloader
Watching for file changes with StatReloader
C:\Users\Namai\Desktop\baldai-django\furniture_app\views.py changed, reloading.
C:\Users\Namai\Desktop\baldai-django\furniture_app\views.py changed, reloading.
Watching for file changes with StatReloader
Watching for file changes with StatReloader
C:\Users\Namai\Desktop\baldai-django\furniture_app\views.py changed, reloading.
C:\Users\Namai\Desktop\baldai-django\furniture_app\views.py changed, reloading.
Watching for file changes with StatReloader
Watching for file changes with StatReloader
C:\Users\Namai\Desktop\baldai-django\furniture_app\views.py changed, reloading.
C:\Users\Namai\Desktop\baldai-django\furniture_app\views.py changed, reloading.
Watching for file changes with StatReloader
Watching for file changes with StatReloader
C:\Users\Namai\Desktop\baldai-django\furniture_app\views.py changed, reloading.
C:\Users\Namai\Desktop\baldai-django\furniture_app\views.py changed, reloading.
Watching for file changes with StatReloader
Watching for file changes with StatReloader
"GET /states/ HTTP/1.1" 200 99
"GET /states/ HTTP/1.1" 200 99
Not Found: /defect/1/
Not Found: /defect/1/
"GET /defect/1/ HTTP/1.1" 404 3143
"GET /defect/1/ HTTP/1.1" 404 3143
Not Found: /defect/1/
Not Found: /defect/1/
"PUT /defect/1/ HTTP/1.1" 404 3143
"PUT /defect/1/ HTTP/1.1" 404 3143
C:\Users\Namai\Desktop\baldai-django\furniture_app\views.py changed, reloading.
C:\Users\Namai\Desktop\baldai-django\furniture_app\views.py changed, reloading.
Watching for file changes with StatReloader
Watching for file changes with StatReloader
C:\Users\Namai\Desktop\baldai-django\furniture_app\views.py changed, reloading.
C:\Users\Namai\Desktop\baldai-django\furniture_app\views.py changed, reloading.
Watching for file changes with StatReloader
Watching for file changes with StatReloader
C:\Users\Namai\Desktop\baldai-django\web_project\urls.py changed, reloading.
C:\Users\Namai\Desktop\baldai-django\web_project\urls.py changed, reloading.
Watching for file changes with StatReloader
Watching for file changes with StatReloader
"PUT /defect/1/ HTTP/1.1" 200 26
"PUT /defect/1/ HTTP/1.1" 200 26
"GET /defects/ HTTP/1.1" 200 218
"GET /defects/ HTTP/1.1" 200 218
C:\Users\Namai\Desktop\baldai-django\furniture_app\views.py changed, reloading.
C:\Users\Namai\Desktop\baldai-django\furniture_app\views.py changed, reloading.
Watching for file changes with StatReloader
Watching for file changes with StatReloader
"GET /states/ HTTP/1.1" 200 99
"GET /states/ HTTP/1.1" 200 99
"GET /defect/1/ HTTP/1.1" 200 140
"GET /defect/1/ HTTP/1.1" 200 140
Internal Server Error: /defect/1/
Traceback (most recent call last):
  File "C:\Users\Namai\Desktop\baldai-django\.venv\lib\site-packages\django\core\handlers\exception.py", line 55, in inner
    response = get_response(request)
  File "C:\Users\Namai\Desktop\baldai-django\.venv\lib\site-packages\django\core\handlers\base.py", line 197, in _get_response
    response = wrapped_callback(request, *callback_args, **callback_kwargs)
  File "C:\Users\Namai\Desktop\baldai-django\.venv\lib\site-packages\django\views\decorators\csrf.py", line 56, in wrapper_view
    return view_func(*args, **kwargs)
  File "C:\Users\Namai\Desktop\baldai-django\furniture_app\views.py", line 307, in handle_defect
    defect.user_assigned = payload['username']
  File "C:\Users\Namai\Desktop\baldai-django\.venv\lib\site-packages\django\db\models\fields\related_descriptors.py", line 266, in __set__
    raise ValueError(
ValueError: Cannot assign "'agne'": "Defect.user_assigned" must be a "User" instance.
Internal Server Error: /defect/1/
Traceback (most recent call last):
  File "C:\Users\Namai\Desktop\baldai-django\.venv\lib\site-packages\django\core\handlers\exception.py", line 55, in inner
    response = get_response(request)
  File "C:\Users\Namai\Desktop\baldai-django\.venv\lib\site-packages\django\core\handlers\base.py", line 197, in _get_response
    response = wrapped_callback(request, *callback_args, **callback_kwargs)
  File "C:\Users\Namai\Desktop\baldai-django\.venv\lib\site-packages\django\views\decorators\csrf.py", line 56, in wrapper_view
    return view_func(*args, **kwargs)
  File "C:\Users\Namai\Desktop\baldai-django\furniture_app\views.py", line 307, in handle_defect
    defect.user_assigned = payload['username']
  File "C:\Users\Namai\Desktop\baldai-django\.venv\lib\site-packages\django\db\models\fields\related_descriptors.py", line 266, in __set__
    raise ValueError(
ValueError: Cannot assign "'agne'": "Defect.user_assigned" must be a "User" instance.
"PUT /defect/1/ HTTP/1.1" 500 78098
"PUT /defect/1/ HTTP/1.1" 500 78098
C:\Users\Namai\Desktop\baldai-django\furniture_app\views.py changed, reloading.
C:\Users\Namai\Desktop\baldai-django\furniture_app\views.py changed, reloading.
Watching for file changes with StatReloader
Watching for file changes with StatReloader
"PUT /defect/1/ HTTP/1.1" 200 26
"PUT /defect/1/ HTTP/1.1" 200 26
"GET /defects/ HTTP/1.1" 200 221
"GET /defects/ HTTP/1.1" 200 221
"GET /defects/ HTTP/1.1" 200 221
"GET /defects/ HTTP/1.1" 200 221
"GET /states/ HTTP/1.1" 200 99
"GET /states/ HTTP/1.1" 200 99
"GET /defect/1/ HTTP/1.1" 200 140
"GET /defect/1/ HTTP/1.1" 200 140
"GET /defect/1/ HTTP/1.1" 200 140
"GET /defect/1/ HTTP/1.1" 200 140
"GET /states/ HTTP/1.1" 200 99
"GET /states/ HTTP/1.1" 200 99
"GET /defects/ HTTP/1.1" 200 221
"GET /defects/ HTTP/1.1" 200 221
"GET /defects/ HTTP/1.1" 200 221
"GET /defects/ HTTP/1.1" 200 221
"GET /defect/1/ HTTP/1.1" 200 140
"GET /defect/1/ HTTP/1.1" 200 140
"GET /states/ HTTP/1.1" 200 99
"GET /states/ HTTP/1.1" 200 99
"GET /defect/1/ HTTP/1.1" 200 140
"GET /defect/1/ HTTP/1.1" 200 140
"GET /states/ HTTP/1.1" 200 99
"GET /states/ HTTP/1.1" 200 99
"GET /defect/1/ HTTP/1.1" 200 140
"GET /defect/1/ HTTP/1.1" 200 140
"GET /states/ HTTP/1.1" 200 99
"GET /states/ HTTP/1.1" 200 99
"GET /states/ HTTP/1.1" 200 99
"GET /states/ HTTP/1.1" 200 99
"GET /defect/1/ HTTP/1.1" 200 140
"GET /defect/1/ HTTP/1.1" 200 140
"GET /defects/ HTTP/1.1" 200 221
"GET /defects/ HTTP/1.1" 200 221
"GET /states/ HTTP/1.1" 200 99
"GET /states/ HTTP/1.1" 200 99
"GET /defect/1/ HTTP/1.1" 200 140
"GET /defect/1/ HTTP/1.1" 200 140
"PUT /defect/1/ HTTP/1.1" 200 26
"PUT /defect/1/ HTTP/1.1" 200 26
"GET /defects/ HTTP/1.1" 200 221
"GET /defects/ HTTP/1.1" 200 221
"GET /states/ HTTP/1.1" 200 99
"GET /states/ HTTP/1.1" 200 99
"GET /defect/1/ HTTP/1.1" 200 140
"GET /defect/1/ HTTP/1.1" 200 140
"GET /defects/ HTTP/1.1" 200 221
"GET /defects/ HTTP/1.1" 200 221
"GET /states/ HTTP/1.1" 200 99
"GET /states/ HTTP/1.1" 200 99
"GET /defect/1/ HTTP/1.1" 200 140
"GET /defect/1/ HTTP/1.1" 200 140
"GET /defect/1/ HTTP/1.1" 200 140
"GET /defect/1/ HTTP/1.1" 200 140
"GET /states/ HTTP/1.1" 200 99
"GET /states/ HTTP/1.1" 200 99
"PUT /defect/1/ HTTP/1.1" 200 26
"PUT /defect/1/ HTTP/1.1" 200 26
"GET /defects/ HTTP/1.1" 200 221
"GET /defects/ HTTP/1.1" 200 221
"GET /defect/1/ HTTP/1.1" 200 140
"GET /defect/1/ HTTP/1.1" 200 140
"GET /states/ HTTP/1.1" 200 99
"GET /states/ HTTP/1.1" 200 99
"GET /states/ HTTP/1.1" 200 99
"GET /states/ HTTP/1.1" 200 99
"GET /defect/1/ HTTP/1.1" 200 140
"GET /defect/1/ HTTP/1.1" 200 140
"OPTIONS /defects/ HTTP/1.1" 200 0
"OPTIONS /defects/ HTTP/1.1" 200 0
"GET /defects/ HTTP/1.1" 200 221
"GET /defects/ HTTP/1.1" 200 221
"GET /states/ HTTP/1.1" 200 99
"GET /states/ HTTP/1.1" 200 99
"GET /defect/1/ HTTP/1.1" 200 140
"GET /defect/1/ HTTP/1.1" 200 140
"GET /defects/ HTTP/1.1" 200 221
"GET /defects/ HTTP/1.1" 200 221
"OPTIONS /types/ HTTP/1.1" 200 0
"OPTIONS /types/ HTTP/1.1" 200 0
"OPTIONS /furniture/ HTTP/1.1" 200 0
"OPTIONS /furniture/ HTTP/1.1" 200 0
"GET /types/ HTTP/1.1" 200 235
"GET /types/ HTTP/1.1" 200 235
"GET /furniture/ HTTP/1.1" 200 403
"GET /furniture/ HTTP/1.1" 200 403
"OPTIONS /defect/ HTTP/1.1" 200 0
"OPTIONS /defect/ HTTP/1.1" 200 0
"POST /defect/ HTTP/1.1" 201 26
"POST /defect/ HTTP/1.1" 201 26
Not Found: /latests/
Not Found: /latests/
"GET /latests/ HTTP/1.1" 404 3139
"GET /latests/ HTTP/1.1" 404 3139
"GET /defects/ HTTP/1.1" 200 463
"GET /defects/ HTTP/1.1" 200 463
"GET /defect/1/ HTTP/1.1" 200 140
"GET /defect/1/ HTTP/1.1" 200 140
"GET /states/ HTTP/1.1" 200 99
"GET /states/ HTTP/1.1" 200 99
"GET /defects/ HTTP/1.1" 200 504
"GET /defects/ HTTP/1.1" 200 504
"GET /defects/ HTTP/1.1" 200 504
"GET /defects/ HTTP/1.1" 200 504
"GET /states/ HTTP/1.1" 200 99
"GET /defect/1/ HTTP/1.1" 200 181
"GET /defect/1/ HTTP/1.1" 200 181
"GET /states/ HTTP/1.1" 200 99
"GET /defects/ HTTP/1.1" 200 504
"GET /defects/ HTTP/1.1" 200 504
"GET /types/ HTTP/1.1" 200 235
"GET /types/ HTTP/1.1" 200 235
"GET /furniture/ HTTP/1.1" 200 403
"GET /furniture/ HTTP/1.1" 200 403
"POST /defect/ HTTP/1.1" 201 26
"POST /defect/ HTTP/1.1" 201 26
Not Found: /latests/
Not Found: /latests/
"GET /latests/ HTTP/1.1" 404 3139
"GET /latests/ HTTP/1.1" 404 3139
"GET /defects/ HTTP/1.1" 200 750
"GET /defects/ HTTP/1.1" 200 750
"GET /types/ HTTP/1.1" 200 235
"GET /types/ HTTP/1.1" 200 235
"GET /furniture/ HTTP/1.1" 200 403
"GET /furniture/ HTTP/1.1" 200 403
Not Found: /latests/
Not Found: /latests/
"GET /latests/ HTTP/1.1" 404 3139
"GET /latests/ HTTP/1.1" 404 3139
"GET /defects/ HTTP/1.1" 200 750
"GET /defects/ HTTP/1.1" 200 750
"GET /defects/ HTTP/1.1" 200 750
"GET /defects/ HTTP/1.1" 200 750
"GET /types/ HTTP/1.1" 200 235
"GET /types/ HTTP/1.1" 200 235
"GET /furniture/ HTTP/1.1" 200 403
"GET /furniture/ HTTP/1.1" 200 403
"GET /defects/ HTTP/1.1" 200 750
"GET /defects/ HTTP/1.1" 200 750
C:\Users\Namai\Desktop\baldai-django\furniture_app\views.py changed, reloading.
C:\Users\Namai\Desktop\baldai-django\furniture_app\views.py changed, reloading.
Watching for file changes with StatReloader
Watching for file changes with StatReloader
C:\Users\Namai\Desktop\baldai-django\furniture_app\views.py changed, reloading.
C:\Users\Namai\Desktop\baldai-django\furniture_app\views.py changed, reloading.
Watching for file changes with StatReloader
Watching for file changes with StatReloader
C:\Users\Namai\Desktop\baldai-django\furniture_app\views.py changed, reloading.
C:\Users\Namai\Desktop\baldai-django\furniture_app\views.py changed, reloading.
Watching for file changes with StatReloader
Watching for file changes with StatReloader
"OPTIONS /login/ HTTP/1.1" 200 0
"OPTIONS /login/ HTTP/1.1" 200 0
"POST /login/ HTTP/1.1" 200 205
"POST /login/ HTTP/1.1" 200 205
"GET /defects/ HTTP/1.1" 200 750
"GET /defects/ HTTP/1.1" 200 750
"GET /types/ HTTP/1.1" 200 235
"GET /types/ HTTP/1.1" 200 235
"GET /furniture/ HTTP/1.1" 200 403
"GET /furniture/ HTTP/1.1" 200 403
"POST /defect/ HTTP/1.1" 201 26
"POST /defect/ HTTP/1.1" 201 26
"GET /defects/ HTTP/1.1" 200 976
"GET /defects/ HTTP/1.1" 200 976
"OPTIONS /defect/4/ HTTP/1.1" 200 0
"OPTIONS /defect/4/ HTTP/1.1" 200 0
"DELETE /defect/4/ HTTP/1.1" 204 0
"DELETE /defect/4/ HTTP/1.1" 204 0
"GET /defects/ HTTP/1.1" 200 750
"GET /defects/ HTTP/1.1" 200 750
C:\Users\Namai\Desktop\baldai-django\furniture_app\views.py changed, reloading.
C:\Users\Namai\Desktop\baldai-django\furniture_app\views.py changed, reloading.
Watching for file changes with StatReloader
Watching for file changes with StatReloader
"GET /defects/ HTTP/1.1" 200 750
"GET /defects/ HTTP/1.1" 200 750
"GET /defects/ HTTP/1.1" 200 750
"GET /defects/ HTTP/1.1" 200 750
"GET /defects/ HTTP/1.1" 200 750
"GET /defects/ HTTP/1.1" 200 750
"GET /defects/ HTTP/1.1" 200 750
"GET /defects/ HTTP/1.1" 200 750
"POST /signup/ HTTP/1.1" 200 209
"POST /signup/ HTTP/1.1" 200 209
Bad Request: /signup/
Bad Request: /signup/
"POST /signup/ HTTP/1.1" 400 39
"POST /signup/ HTTP/1.1" 400 39
Bad Request: /signup/
Bad Request: /signup/
"POST /signup/ HTTP/1.1" 400 39
"POST /signup/ HTTP/1.1" 400 39
"POST /login/ HTTP/1.1" 200 210
"POST /login/ HTTP/1.1" 200 210
"POST /login/ HTTP/1.1" 200 210
"POST /login/ HTTP/1.1" 200 210
"POST /signup/ HTTP/1.1" 200 206
"POST /signup/ HTTP/1.1" 200 206
"POST /login/ HTTP/1.1" 200 207
"POST /login/ HTTP/1.1" 200 207
"POST /login/ HTTP/1.1" 200 207
"POST /login/ HTTP/1.1" 200 207
"GET /defects/ HTTP/1.1" 200 750
"GET /defects/ HTTP/1.1" 200 750
"GET /types/ HTTP/1.1" 200 235
"GET /types/ HTTP/1.1" 200 235
"GET /furniture/ HTTP/1.1" 200 403
"GET /furniture/ HTTP/1.1" 200 403
"GET /defects/ HTTP/1.1" 200 750
"GET /defects/ HTTP/1.1" 200 750
"GET /defects/ HTTP/1.1" 200 750
"GET /defects/ HTTP/1.1" 200 750
"GET /types/ HTTP/1.1" 200 235
"GET /types/ HTTP/1.1" 200 235
"GET /furniture/ HTTP/1.1" 200 403
"GET /furniture/ HTTP/1.1" 200 403
"GET /defects/ HTTP/1.1" 200 750
"GET /defects/ HTTP/1.1" 200 750
"GET /types/ HTTP/1.1" 200 235
"GET /types/ HTTP/1.1" 200 235
"GET /furniture/ HTTP/1.1" 200 403
"GET /furniture/ HTTP/1.1" 200 403
C:\Users\Namai\Desktop\baldai-django\furniture_app\views.py changed, reloading.
C:\Users\Namai\Desktop\baldai-django\furniture_app\views.py changed, reloading.
Watching for file changes with StatReloader
Watching for file changes with StatReloader
C:\Users\Namai\Desktop\baldai-django\furniture_app\views.py changed, reloading.
C:\Users\Namai\Desktop\baldai-django\furniture_app\views.py changed, reloading.
Watching for file changes with StatReloader
Watching for file changes with StatReloader
C:\Users\Namai\Desktop\baldai-django\furniture_app\views.py changed, reloading.
C:\Users\Namai\Desktop\baldai-django\furniture_app\views.py changed, reloading.
Watching for file changes with StatReloader
Watching for file changes with StatReloader
C:\Users\Namai\Desktop\baldai-django\furniture_app\models.py changed, reloading.
C:\Users\Namai\Desktop\baldai-django\furniture_app\models.py changed, reloading.
Watching for file changes with StatReloader
Watching for file changes with StatReloader
C:\Users\Namai\Desktop\baldai-django\furniture_app\views.py changed, reloading.
C:\Users\Namai\Desktop\baldai-django\furniture_app\views.py changed, reloading.
Watching for file changes with StatReloader
Watching for file changes with StatReloader
C:\Users\Namai\Desktop\baldai-django\web_project\urls.py changed, reloading.
C:\Users\Namai\Desktop\baldai-django\web_project\urls.py changed, reloading.
Watching for file changes with StatReloader
Watching for file changes with StatReloader
